    Waiting for iio-sensor-proxy to appear
+++ iio-sensor-proxy appeared
=== Has accelerometer (orientation: undefined)
=== Has ambient light sensor (value: 0.000000, unit: lux)
    Accelerometer orientation changed: normal
    Light changed: 21.000000 (lux)
    Light changed: 20.000000 (lux)
    Light changed: 7.000000 (lux)
    Accelerometer orientation changed: right-up
    Light changed: 6.000000 (lux)
    Light changed: 5.000000 (lux)
    Light changed: 2.000000 (lux)
    Accelerometer orientation changed: normal
    Light changed: 4.000000 (lux)
    Light changed: 7.000000 (lux)
    Light changed: 9.000000 (lux)
    Light changed: 7.000000 (lux)
    Light changed: 8.000000 (lux)
    Accelerometer orientation changed: right-up
    Light changed: 7.000000 (lux)
    Light changed: 6.000000 (lux)
    Light changed: 7.000000 (lux)
    Accelerometer orientation changed: normal
    Light changed: 6.000000 (lux)
    Light changed: 7.000000 (lux)
    Light changed: 8.000000 (lux)
    Light changed: 6.000000 (lux)
    Light changed: 7.000000 (lux)
    Light changed: 6.000000 (lux)
    Light changed: 7.000000 (lux)
    Light changed: 6.000000 (lux)
    Light changed: 7.000000 (lux)
    Light changed: 6.000000 (lux)
    Light changed: 7.000000 (lux)
    Light changed: 6.000000 (lux)
    Light changed: 5.000000 (lux)
    Light changed: 6.000000 (lux)
    Light changed: 5.000000 (lux)
    Light changed: 6.000000 (lux)
    Light changed: 7.000000 (lux)
    Light changed: 6.000000 (lux)
    Light changed: 7.000000 (lux)
    Light changed: 6.000000 (lux)
    Light changed: 7.000000 (lux)
    Light changed: 6.000000 (lux)
    Light changed: 7.000000 (lux)
    Light changed: 6.000000 (lux)
    Light changed: 7.000000 (lux)
    Light changed: 6.000000 (lux)
    Light changed: 7.000000 (lux)
    Light changed: 6.000000 (lux)
    Light changed: 7.000000 (lux)
    Light changed: 6.000000 (lux)
    Light changed: 7.000000 (lux)
    Light changed: 6.000000 (lux)
    Light changed: 7.000000 (lux)
    Light changed: 6.000000 (lux)
    Light changed: 7.000000 (lux)
    Light changed: 6.000000 (lux)
    Light changed: 7.000000 (lux)
    Light changed: 6.000000 (lux)
    Light changed: 7.000000 (lux)
    Light changed: 6.000000 (lux)
    Light changed: 7.000000 (lux)
    Light changed: 6.000000 (lux)
    Light changed: 7.000000 (lux)
    Light changed: 6.000000 (lux)
    Light changed: 7.000000 (lux)
    Light changed: 6.000000 (lux)
    Light changed: 7.000000 (lux)
    Light changed: 6.000000 (lux)
    Light changed: 7.000000 (lux)
    Light changed: 6.000000 (lux)
    Light changed: 7.000000 (lux)
    Light changed: 6.000000 (lux)
    Light changed: 7.000000 (lux)
    Light changed: 6.000000 (lux)
    Light changed: 7.000000 (lux)
    Light changed: 6.000000 (lux)
    Light changed: 7.000000 (lux)
    Light changed: 6.000000 (lux)
    Light changed: 7.000000 (lux)
    Light changed: 6.000000 (lux)
    Light changed: 7.000000 (lux)
    Light changed: 6.000000 (lux)
    Light changed: 7.000000 (lux)
    Light changed: 6.000000 (lux)
    Light changed: 7.000000 (lux)
    Light changed: 6.000000 (lux)
    Light changed: 7.000000 (lux)
    Light changed: 6.000000 (lux)
    Light changed: 0.000000 (lux)
    Light changed: 9.000000 (lux)
    Light changed: 8.000000 (lux)
    Light changed: 9.000000 (lux)
    Light changed: 8.000000 (lux)
    Light changed: 9.000000 (lux)
    Light changed: 8.000000 (lux)
    Light changed: 9.000000 (lux)
    Light changed: 7.000000 (lux)
    Light changed: 8.000000 (lux)
    Light changed: 7.000000 (lux)
    Light changed: 8.000000 (lux)
    Light changed: 7.000000 (lux)
    Light changed: 8.000000 (lux)
    Light changed: 7.000000 (lux)
    Light changed: 8.000000 (lux)
    Light changed: 7.000000 (lux)
    Light changed: 0.000000 (lux)
    Light changed: 1.000000 (lux)
    Light changed: 0.000000 (lux)
    Light changed: 1.000000 (lux)
    Light changed: 2.000000 (lux)
    Light changed: 1.000000 (lux)
    Light changed: 0.000000 (lux)
    Light changed: 1.000000 (lux)
    Light changed: 0.000000 (lux)
    Light changed: 1.000000 (lux)
    Light changed: 0.000000 (lux)
    Light changed: 3.000000 (lux)
    Light changed: 7.000000 (lux)
    Light changed: 0.000000 (lux)
    Accelerometer orientation changed: left-up
    Light changed: 1.000000 (lux)
    Light changed: 0.000000 (lux)
    Accelerometer orientation changed: normal
    Light changed: 1.000000 (lux)
    Light changed: 0.000000 (lux)
    Accelerometer orientation changed: left-up
    Accelerometer orientation changed: normal
    Light changed: 2.000000 (lux)
    Light changed: 0.000000 (lux)
    Light changed: 19.000000 (lux)
    Light changed: 0.000000 (lux)
    Light changed: 23.000000 (lux)
    Light changed: 37.000000 (lux)
    Light changed: 0.000000 (lux)
    Light changed: 1.000000 (lux)
    Light changed: 9.000000 (lux)
    Light changed: 12.000000 (lux)
    Light changed: 18.000000 (lux)
    Light changed: 20.000000 (lux)
    Light changed: 43.000000 (lux)
    Light changed: 18.000000 (lux)
    Light changed: 11.000000 (lux)
    Light changed: 10.000000 (lux)
    Light changed: 9.000000 (lux)
    Light changed: 8.000000 (lux)
    Light changed: 11.000000 (lux)
    Light changed: 24.000000 (lux)
    Light changed: 21.000000 (lux)
    Light changed: 16.000000 (lux)
    Light changed: 20.000000 (lux)
    Light changed: 12.000000 (lux)
    Light changed: 8.000000 (lux)
    Light changed: 9.000000 (lux)
    Light changed: 11.000000 (lux)
    Light changed: 28.000000 (lux)
    Light changed: 33.000000 (lux)
    Light changed: 32.000000 (lux)
    Light changed: 24.000000 (lux)
    Light changed: 7.000000 (lux)
    Light changed: 6.000000 (lux)
    Light changed: 7.000000 (lux)
    Accelerometer orientation changed: right-up
    Light changed: 8.000000 (lux)
    Accelerometer orientation changed: normal
    Light changed: 18.000000 (lux)
    Light changed: 28.000000 (lux)
    Light changed: 30.000000 (lux)
    Light changed: 20.000000 (lux)
    Light changed: 22.000000 (lux)
    Light changed: 20.000000 (lux)
    Light changed: 21.000000 (lux)
    Light changed: 8.000000 (lux)
    Light changed: 7.000000 (lux)
    Light changed: 19.000000 (lux)
    Light changed: 1.000000 (lux)
    Light changed: 3.000000 (lux)
    Light changed: 5.000000 (lux)
    Light changed: 6.000000 (lux)
    Light changed: 5.000000 (lux)
    Light changed: 4.000000 (lux)
    Light changed: 2.000000 (lux)
    Light changed: 1.000000 (lux)
    Light changed: 3.000000 (lux)
    Light changed: 7.000000 (lux)
    Light changed: 13.000000 (lux)
    Light changed: 111.000000 (lux)
    Light changed: 147.000000 (lux)
    Light changed: 113.000000 (lux)
    Light changed: 70.000000 (lux)
    Light changed: 74.000000 (lux)
    Light changed: 33.000000 (lux)
    Light changed: 37.000000 (lux)
    Light changed: 42.000000 (lux)
    Light changed: 35.000000 (lux)
    Light changed: 40.000000 (lux)
    Light changed: 33.000000 (lux)
    Light changed: 38.000000 (lux)
    Light changed: 46.000000 (lux)
    Light changed: 48.000000 (lux)
    Light changed: 39.000000 (lux)
    Light changed: 44.000000 (lux)
    Light changed: 45.000000 (lux)
    Light changed: 46.000000 (lux)
    Light changed: 45.000000 (lux)
    Light changed: 43.000000 (lux)
    Light changed: 44.000000 (lux)
    Light changed: 46.000000 (lux)
    Light changed: 43.000000 (lux)
    Light changed: 48.000000 (lux)
    Light changed: 50.000000 (lux)
    Light changed: 51.000000 (lux)
    Light changed: 50.000000 (lux)
    Light changed: 51.000000 (lux)
    Light changed: 50.000000 (lux)
    Light changed: 74.000000 (lux)
    Light changed: 21.000000 (lux)
    Light changed: 8.000000 (lux)
    Light changed: 13.000000 (lux)
    Light changed: 12.000000 (lux)
    Light changed: 13.000000 (lux)
    Light changed: 12.000000 (lux)
    Light changed: 14.000000 (lux)
    Light changed: 12.000000 (lux)
    Light changed: 14.000000 (lux)
    Light changed: 13.000000 (lux)
    Light changed: 12.000000 (lux)
    Accelerometer orientation changed: right-up
    Light changed: 13.000000 (lux)
    Light changed: 10.000000 (lux)
    Light changed: 17.000000 (lux)
    Light changed: 15.000000 (lux)
    Light changed: 18.000000 (lux)
    Light changed: 14.000000 (lux)
    Light changed: 17.000000 (lux)
    Light changed: 16.000000 (lux)
    Light changed: 17.000000 (lux)
    Light changed: 16.000000 (lux)
    Light changed: 14.000000 (lux)
    Light changed: 16.000000 (lux)
    Light changed: 28.000000 (lux)
    Light changed: 130.000000 (lux)
    Accelerometer orientation changed: normal
    Light changed: 78.000000 (lux)
    Light changed: 97.000000 (lux)
    Light changed: 99.000000 (lux)
    Light changed: 98.000000 (lux)
    Light changed: 171.000000 (lux)
    Light changed: 14.000000 (lux)
    Light changed: 13.000000 (lux)
    Light changed: 11.000000 (lux)
    Light changed: 10.000000 (lux)
    Light changed: 9.000000 (lux)
    Light changed: 10.000000 (lux)
    Light changed: 9.000000 (lux)
    Light changed: 10.000000 (lux)
    Light changed: 9.000000 (lux)
    Light changed: 10.000000 (lux)
    Light changed: 9.000000 (lux)
    Light changed: 11.000000 (lux)
    Light changed: 8.000000 (lux)
    Light changed: 10.000000 (lux)
    Light changed: 9.000000 (lux)
    Light changed: 10.000000 (lux)
    Light changed: 1.000000 (lux)
    Light changed: 0.000000 (lux)
    Light changed: 1.000000 (lux)
    Light changed: 0.000000 (lux)
    Light changed: 51.000000 (lux)
    Light changed: 53.000000 (lux)
    Light changed: 59.000000 (lux)
    Light changed: 62.000000 (lux)
    Light changed: 61.000000 (lux)
    Light changed: 60.000000 (lux)
    Light changed: 58.000000 (lux)
    Light changed: 57.000000 (lux)
    Light changed: 56.000000 (lux)
    Light changed: 55.000000 (lux)
    Light changed: 54.000000 (lux)
    Light changed: 56.000000 (lux)
    Light changed: 58.000000 (lux)
    Light changed: 49.000000 (lux)
    Light changed: 62.000000 (lux)
    Light changed: 61.000000 (lux)
    Light changed: 60.000000 (lux)
    Light changed: 48.000000 (lux)
    Light changed: 49.000000 (lux)
    Light changed: 48.000000 (lux)
    Light changed: 49.000000 (lux)
    Light changed: 50.000000 (lux)
    Light changed: 53.000000 (lux)
    Light changed: 52.000000 (lux)
    Light changed: 53.000000 (lux)
    Light changed: 52.000000 (lux)
    Light changed: 53.000000 (lux)
    Light changed: 52.000000 (lux)
    Light changed: 53.000000 (lux)
    Light changed: 52.000000 (lux)
    Light changed: 51.000000 (lux)
    Light changed: 50.000000 (lux)
    Light changed: 49.000000 (lux)
    Light changed: 50.000000 (lux)
    Light changed: 49.000000 (lux)
    Light changed: 40.000000 (lux)
    Light changed: 39.000000 (lux)
    Light changed: 37.000000 (lux)
    Light changed: 41.000000 (lux)
    Light changed: 42.000000 (lux)
    Light changed: 40.000000 (lux)
    Light changed: 45.000000 (lux)
    Light changed: 47.000000 (lux)
    Light changed: 49.000000 (lux)
    Light changed: 38.000000 (lux)
    Light changed: 40.000000 (lux)
    Light changed: 39.000000 (lux)
    Light changed: 40.000000 (lux)
    Light changed: 39.000000 (lux)
    Light changed: 38.000000 (lux)
    Light changed: 36.000000 (lux)
    Light changed: 24.000000 (lux)
    Light changed: 38.000000 (lux)
    Light changed: 44.000000 (lux)
    Light changed: 47.000000 (lux)
    Light changed: 45.000000 (lux)
    Light changed: 43.000000 (lux)
    Light changed: 39.000000 (lux)
    Light changed: 37.000000 (lux)
    Light changed: 39.000000 (lux)
    Light changed: 38.000000 (lux)
    Light changed: 39.000000 (lux)
    Light changed: 38.000000 (lux)
    Light changed: 37.000000 (lux)
    Light changed: 36.000000 (lux)
    Light changed: 37.000000 (lux)
    Light changed: 36.000000 (lux)
    Light changed: 35.000000 (lux)
    Light changed: 34.000000 (lux)
    Light changed: 33.000000 (lux)
    Light changed: 32.000000 (lux)
    Light changed: 31.000000 (lux)
    Light changed: 32.000000 (lux)
    Light changed: 35.000000 (lux)
    Light changed: 33.000000 (lux)
    Light changed: 32.000000 (lux)
    Light changed: 31.000000 (lux)
    Light changed: 30.000000 (lux)
    Light changed: 26.000000 (lux)
    Light changed: 23.000000 (lux)
    Light changed: 24.000000 (lux)
    Light changed: 26.000000 (lux)
    Light changed: 30.000000 (lux)
    Light changed: 31.000000 (lux)
    Light changed: 30.000000 (lux)
    Light changed: 31.000000 (lux)
    Light changed: 30.000000 (lux)
    Light changed: 31.000000 (lux)
    Light changed: 30.000000 (lux)
    Light changed: 31.000000 (lux)
    Light changed: 30.000000 (lux)
    Light changed: 29.000000 (lux)
    Light changed: 30.000000 (lux)
    Light changed: 29.000000 (lux)
    Light changed: 30.000000 (lux)
    Light changed: 29.000000 (lux)
    Light changed: 30.000000 (lux)
    Light changed: 29.000000 (lux)
    Light changed: 27.000000 (lux)
    Light changed: 25.000000 (lux)
    Light changed: 24.000000 (lux)
    Light changed: 25.000000 (lux)
    Light changed: 26.000000 (lux)
    Light changed: 25.000000 (lux)
    Light changed: 26.000000 (lux)
    Light changed: 25.000000 (lux)
    Light changed: 26.000000 (lux)
    Light changed: 31.000000 (lux)
    Light changed: 32.000000 (lux)
    Light changed: 31.000000 (lux)
    Light changed: 32.000000 (lux)
    Light changed: 33.000000 (lux)
    Light changed: 34.000000 (lux)
    Light changed: 35.000000 (lux)
    Light changed: 36.000000 (lux)
    Light changed: 37.000000 (lux)
    Light changed: 38.000000 (lux)
    Light changed: 39.000000 (lux)
    Light changed: 40.000000 (lux)
    Light changed: 41.000000 (lux)
    Light changed: 42.000000 (lux)
    Light changed: 43.000000 (lux)
    Light changed: 44.000000 (lux)
    Light changed: 43.000000 (lux)
    Light changed: 44.000000 (lux)
    Light changed: 45.000000 (lux)
    Light changed: 46.000000 (lux)
    Light changed: 47.000000 (lux)
    Light changed: 57.000000 (lux)
    Light changed: 58.000000 (lux)
    Light changed: 59.000000 (lux)
    Light changed: 60.000000 (lux)
    Light changed: 53.000000 (lux)
    Light changed: 51.000000 (lux)
    Light changed: 50.000000 (lux)
    Light changed: 53.000000 (lux)
    Light changed: 62.000000 (lux)
    Light changed: 63.000000 (lux)
    Light changed: 62.000000 (lux)
    Light changed: 63.000000 (lux)
    Light changed: 64.000000 (lux)
    Light changed: 65.000000 (lux)
    Light changed: 66.000000 (lux)
    Light changed: 67.000000 (lux)
    Light changed: 68.000000 (lux)
    Light changed: 69.000000 (lux)
    Light changed: 68.000000 (lux)
    Light changed: 69.000000 (lux)
    Light changed: 64.000000 (lux)
    Light changed: 62.000000 (lux)
    Light changed: 58.000000 (lux)
    Light changed: 59.000000 (lux)
    Light changed: 76.000000 (lux)
    Light changed: 67.000000 (lux)
    Light changed: 65.000000 (lux)
    Light changed: 58.000000 (lux)
    Light changed: 65.000000 (lux)
    Light changed: 63.000000 (lux)
    Light changed: 59.000000 (lux)
    Light changed: 58.000000 (lux)
    Light changed: 59.000000 (lux)
    Light changed: 60.000000 (lux)
    Light changed: 59.000000 (lux)
    Light changed: 60.000000 (lux)
    Light changed: 59.000000 (lux)
    Light changed: 60.000000 (lux)
    Light changed: 59.000000 (lux)
    Light changed: 60.000000 (lux)
    Light changed: 59.000000 (lux)
    Light changed: 60.000000 (lux)
    Light changed: 58.000000 (lux)
    Light changed: 59.000000 (lux)
    Light changed: 58.000000 (lux)
    Light changed: 59.000000 (lux)
    Light changed: 61.000000 (lux)
    Light changed: 60.000000 (lux)
    Light changed: 59.000000 (lux)
    Light changed: 58.000000 (lux)
    Light changed: 57.000000 (lux)
    Light changed: 56.000000 (lux)
    Light changed: 57.000000 (lux)
    Light changed: 56.000000 (lux)
    Light changed: 57.000000 (lux)
    Light changed: 56.000000 (lux)
    Light changed: 55.000000 (lux)
    Light changed: 56.000000 (lux)
    Light changed: 55.000000 (lux)
    Light changed: 56.000000 (lux)
    Light changed: 55.000000 (lux)
    Light changed: 54.000000 (lux)
    Light changed: 53.000000 (lux)
    Light changed: 54.000000 (lux)
    Light changed: 53.000000 (lux)
    Light changed: 52.000000 (lux)
    Light changed: 51.000000 (lux)
    Light changed: 50.000000 (lux)
    Light changed: 49.000000 (lux)
    Light changed: 47.000000 (lux)
    Light changed: 48.000000 (lux)
    Light changed: 47.000000 (lux)
    Light changed: 48.000000 (lux)
    Light changed: 53.000000 (lux)
    Light changed: 52.000000 (lux)
    Light changed: 51.000000 (lux)
    Light changed: 50.000000 (lux)
    Light changed: 51.000000 (lux)
    Light changed: 50.000000 (lux)
    Light changed: 51.000000 (lux)
    Light changed: 50.000000 (lux)
    Light changed: 51.000000 (lux)
    Light changed: 50.000000 (lux)
    Light changed: 51.000000 (lux)
    Light changed: 50.000000 (lux)
    Light changed: 51.000000 (lux)
    Light changed: 50.000000 (lux)
    Light changed: 49.000000 (lux)
    Light changed: 48.000000 (lux)
    Light changed: 47.000000 (lux)
    Light changed: 46.000000 (lux)
    Light changed: 47.000000 (lux)
    Light changed: 46.000000 (lux)
    Light changed: 45.000000 (lux)
    Light changed: 44.000000 (lux)
    Light changed: 45.000000 (lux)
    Light changed: 44.000000 (lux)
    Light changed: 45.000000 (lux)
    Light changed: 44.000000 (lux)
    Light changed: 43.000000 (lux)
    Light changed: 42.000000 (lux)
    Light changed: 43.000000 (lux)
    Light changed: 42.000000 (lux)
    Light changed: 43.000000 (lux)
    Light changed: 44.000000 (lux)
    Light changed: 43.000000 (lux)
    Light changed: 44.000000 (lux)
    Light changed: 45.000000 (lux)
    Light changed: 46.000000 (lux)
    Light changed: 45.000000 (lux)
    Light changed: 46.000000 (lux)
    Light changed: 43.000000 (lux)
    Light changed: 44.000000 (lux)
    Light changed: 45.000000 (lux)
    Light changed: 41.000000 (lux)
    Light changed: 46.000000 (lux)
    Light changed: 45.000000 (lux)
    Light changed: 46.000000 (lux)
    Light changed: 47.000000 (lux)
    Light changed: 48.000000 (lux)
    Light changed: 47.000000 (lux)
    Light changed: 48.000000 (lux)
    Light changed: 49.000000 (lux)
    Light changed: 50.000000 (lux)
    Light changed: 47.000000 (lux)
    Light changed: 48.000000 (lux)
    Light changed: 49.000000 (lux)
    Light changed: 48.000000 (lux)
    Light changed: 49.000000 (lux)
    Light changed: 52.000000 (lux)
    Light changed: 53.000000 (lux)
    Light changed: 54.000000 (lux)
    Light changed: 55.000000 (lux)
    Light changed: 54.000000 (lux)
    Light changed: 55.000000 (lux)
    Light changed: 56.000000 (lux)
    Light changed: 55.000000 (lux)
    Light changed: 56.000000 (lux)
    Light changed: 57.000000 (lux)
    Light changed: 58.000000 (lux)
    Light changed: 59.000000 (lux)
    Light changed: 57.000000 (lux)
    Light changed: 58.000000 (lux)
    Light changed: 59.000000 (lux)
    Light changed: 58.000000 (lux)
    Light changed: 57.000000 (lux)
    Light changed: 59.000000 (lux)
    Light changed: 60.000000 (lux)
    Light changed: 61.000000 (lux)
    Light changed: 62.000000 (lux)
    Light changed: 63.000000 (lux)
    Light changed: 64.000000 (lux)
    Light changed: 65.000000 (lux)
    Light changed: 66.000000 (lux)
    Light changed: 67.000000 (lux)
    Light changed: 68.000000 (lux)
    Light changed: 69.000000 (lux)
    Light changed: 70.000000 (lux)
    Light changed: 68.000000 (lux)
    Light changed: 69.000000 (lux)
    Light changed: 73.000000 (lux)
    Light changed: 74.000000 (lux)
    Light changed: 72.000000 (lux)
    Light changed: 81.000000 (lux)
    Light changed: 185.000000 (lux)
    Light changed: 212.000000 (lux)
    Light changed: 170.000000 (lux)
    Light changed: 159.000000 (lux)
    Light changed: 176.000000 (lux)
    Light changed: 188.000000 (lux)
    Light changed: 189.000000 (lux)
    Light changed: 102.000000 (lux)
    Light changed: 76.000000 (lux)
    Light changed: 67.000000 (lux)
    Light changed: 73.000000 (lux)
    Light changed: 72.000000 (lux)
    Light changed: 71.000000 (lux)
    Light changed: 70.000000 (lux)
    Light changed: 74.000000 (lux)
    Light changed: 73.000000 (lux)
    Light changed: 75.000000 (lux)
    Light changed: 77.000000 (lux)
    Light changed: 75.000000 (lux)
    Light changed: 76.000000 (lux)
    Light changed: 77.000000 (lux)
    Light changed: 65.000000 (lux)
    Light changed: 69.000000 (lux)
    Light changed: 66.000000 (lux)
    Light changed: 69.000000 (lux)
    Light changed: 68.000000 (lux)
    Light changed: 65.000000 (lux)
    Light changed: 66.000000 (lux)
    Light changed: 51.000000 (lux)
    Light changed: 61.000000 (lux)
    Light changed: 73.000000 (lux)
    Light changed: 87.000000 (lux)
    Light changed: 82.000000 (lux)
    Light changed: 69.000000 (lux)
    Light changed: 62.000000 (lux)
    Light changed: 64.000000 (lux)
    Light changed: 61.000000 (lux)
    Light changed: 70.000000 (lux)
    Light changed: 68.000000 (lux)
    Light changed: 70.000000 (lux)
    Light changed: 69.000000 (lux)
    Light changed: 68.000000 (lux)
    Light changed: 69.000000 (lux)
    Light changed: 70.000000 (lux)
    Light changed: 69.000000 (lux)
    Light changed: 70.000000 (lux)
    Light changed: 74.000000 (lux)
    Light changed: 75.000000 (lux)
    Light changed: 74.000000 (lux)
    Light changed: 75.000000 (lux)
    Light changed: 74.000000 (lux)
    Light changed: 75.000000 (lux)
    Light changed: 74.000000 (lux)
    Light changed: 76.000000 (lux)
    Light changed: 75.000000 (lux)
    Light changed: 76.000000 (lux)
    Light changed: 77.000000 (lux)
    Light changed: 78.000000 (lux)
    Light changed: 79.000000 (lux)
    Light changed: 77.000000 (lux)
    Light changed: 80.000000 (lux)
    Light changed: 83.000000 (lux)
    Light changed: 85.000000 (lux)
    Light changed: 84.000000 (lux)
    Light changed: 85.000000 (lux)
    Light changed: 84.000000 (lux)
    Light changed: 85.000000 (lux)
    Light changed: 86.000000 (lux)
    Light changed: 87.000000 (lux)
    Light changed: 88.000000 (lux)
    Light changed: 89.000000 (lux)
    Light changed: 88.000000 (lux)
    Light changed: 89.000000 (lux)
    Light changed: 92.000000 (lux)
    Light changed: 90.000000 (lux)
    Light changed: 87.000000 (lux)
    Light changed: 89.000000 (lux)
    Light changed: 86.000000 (lux)
    Light changed: 85.000000 (lux)
    Light changed: 86.000000 (lux)
    Light changed: 85.000000 (lux)
    Light changed: 78.000000 (lux)
    Light changed: 76.000000 (lux)
    Light changed: 78.000000 (lux)
    Light changed: 81.000000 (lux)
    Light changed: 83.000000 (lux)
    Light changed: 82.000000 (lux)
    Light changed: 81.000000 (lux)
    Light changed: 80.000000 (lux)
    Light changed: 81.000000 (lux)
    Light changed: 80.000000 (lux)
    Light changed: 92.000000 (lux)
    Light changed: 93.000000 (lux)
    Light changed: 92.000000 (lux)
    Light changed: 93.000000 (lux)
    Light changed: 92.000000 (lux)
    Light changed: 91.000000 (lux)
    Light changed: 92.000000 (lux)
    Light changed: 91.000000 (lux)
    Light changed: 90.000000 (lux)
    Light changed: 89.000000 (lux)
    Light changed: 90.000000 (lux)
    Light changed: 89.000000 (lux)
    Light changed: 87.000000 (lux)
    Light changed: 88.000000 (lux)
    Light changed: 87.000000 (lux)
    Light changed: 86.000000 (lux)
    Light changed: 85.000000 (lux)
    Light changed: 84.000000 (lux)
    Light changed: 83.000000 (lux)
    Light changed: 82.000000 (lux)
    Light changed: 81.000000 (lux)
    Light changed: 80.000000 (lux)
    Light changed: 79.000000 (lux)
    Light changed: 78.000000 (lux)
    Light changed: 77.000000 (lux)
    Light changed: 76.000000 (lux)
    Light changed: 74.000000 (lux)
    Light changed: 72.000000 (lux)
    Light changed: 71.000000 (lux)
    Light changed: 64.000000 (lux)
    Light changed: 63.000000 (lux)
    Light changed: 62.000000 (lux)
    Light changed: 61.000000 (lux)
    Light changed: 59.000000 (lux)
    Light changed: 58.000000 (lux)
    Light changed: 57.000000 (lux)
    Light changed: 59.000000 (lux)
    Light changed: 62.000000 (lux)
    Light changed: 63.000000 (lux)
    Light changed: 62.000000 (lux)
    Light changed: 61.000000 (lux)
    Light changed: 62.000000 (lux)
    Light changed: 61.000000 (lux)
    Light changed: 62.000000 (lux)
    Light changed: 59.000000 (lux)
    Light changed: 48.000000 (lux)
    Light changed: 56.000000 (lux)
    Light changed: 55.000000 (lux)
    Light changed: 54.000000 (lux)
    Light changed: 53.000000 (lux)
    Light changed: 52.000000 (lux)
    Light changed: 51.000000 (lux)
    Light changed: 62.000000 (lux)
    Light changed: 63.000000 (lux)
    Light changed: 62.000000 (lux)
    Light changed: 61.000000 (lux)
    Light changed: 60.000000 (lux)
    Light changed: 59.000000 (lux)
    Light changed: 58.000000 (lux)
    Light changed: 57.000000 (lux)
    Light changed: 56.000000 (lux)
    Light changed: 55.000000 (lux)
    Light changed: 54.000000 (lux)
    Light changed: 53.000000 (lux)
    Light changed: 52.000000 (lux)
    Light changed: 51.000000 (lux)
    Light changed: 50.000000 (lux)
    Light changed: 49.000000 (lux)
    Light changed: 48.000000 (lux)
    Light changed: 47.000000 (lux)
    Light changed: 46.000000 (lux)
    Light changed: 45.000000 (lux)
    Light changed: 44.000000 (lux)
    Light changed: 43.000000 (lux)
    Light changed: 42.000000 (lux)
    Light changed: 41.000000 (lux)
    Light changed: 40.000000 (lux)
    Light changed: 39.000000 (lux)
    Light changed: 38.000000 (lux)
    Light changed: 34.000000 (lux)
    Light changed: 33.000000 (lux)
    Light changed: 32.000000 (lux)
    Light changed: 31.000000 (lux)
    Light changed: 30.000000 (lux)
    Light changed: 32.000000 (lux)
    Light changed: 31.000000 (lux)
    Light changed: 35.000000 (lux)
    Light changed: 34.000000 (lux)
    Light changed: 33.000000 (lux)
    Light changed: 34.000000 (lux)
    Light changed: 33.000000 (lux)
    Light changed: 29.000000 (lux)
    Light changed: 31.000000 (lux)
    Light changed: 30.000000 (lux)
    Light changed: 29.000000 (lux)
    Light changed: 30.000000 (lux)
    Light changed: 29.000000 (lux)
    Light changed: 30.000000 (lux)
    Light changed: 29.000000 (lux)
    Light changed: 28.000000 (lux)
    Light changed: 29.000000 (lux)
    Light changed: 28.000000 (lux)
    Light changed: 30.000000 (lux)
    Light changed: 31.000000 (lux)
    Light changed: 33.000000 (lux)
    Light changed: 36.000000 (lux)
    Light changed: 35.000000 (lux)
    Light changed: 33.000000 (lux)
    Light changed: 31.000000 (lux)
    Light changed: 32.000000 (lux)
    Light changed: 33.000000 (lux)
    Light changed: 32.000000 (lux)
    Light changed: 33.000000 (lux)
    Light changed: 34.000000 (lux)
    Light changed: 35.000000 (lux)
    Light changed: 34.000000 (lux)
    Light changed: 35.000000 (lux)
    Light changed: 36.000000 (lux)
    Light changed: 37.000000 (lux)
    Light changed: 36.000000 (lux)
    Light changed: 37.000000 (lux)
    Light changed: 36.000000 (lux)
    Light changed: 37.000000 (lux)
    Light changed: 33.000000 (lux)
    Light changed: 34.000000 (lux)
    Light changed: 33.000000 (lux)
    Light changed: 34.000000 (lux)
    Light changed: 35.000000 (lux)
    Light changed: 34.000000 (lux)
    Light changed: 35.000000 (lux)
    Light changed: 41.000000 (lux)
    Light changed: 42.000000 (lux)
    Light changed: 38.000000 (lux)
    Light changed: 39.000000 (lux)
    Light changed: 38.000000 (lux)
    Light changed: 39.000000 (lux)
    Light changed: 38.000000 (lux)
    Light changed: 39.000000 (lux)
    Light changed: 38.000000 (lux)
    Light changed: 37.000000 (lux)
    Light changed: 42.000000 (lux)
    Light changed: 41.000000 (lux)
    Light changed: 51.000000 (lux)
    Light changed: 93.000000 (lux)
    Light changed: 152.000000 (lux)
    Light changed: 136.000000 (lux)
    Light changed: 152.000000 (lux)
    Light changed: 159.000000 (lux)
    Light changed: 154.000000 (lux)
    Light changed: 156.000000 (lux)
    Light changed: 145.000000 (lux)
    Light changed: 65.000000 (lux)
    Light changed: 43.000000 (lux)
    Light changed: 40.000000 (lux)
    Light changed: 43.000000 (lux)
    Light changed: 45.000000 (lux)
    Light changed: 42.000000 (lux)
    Light changed: 40.000000 (lux)
    Light changed: 42.000000 (lux)
    Light changed: 41.000000 (lux)
    Light changed: 39.000000 (lux)
    Light changed: 41.000000 (lux)
    Light changed: 42.000000 (lux)
    Light changed: 41.000000 (lux)
    Light changed: 42.000000 (lux)
    Light changed: 41.000000 (lux)
    Light changed: 36.000000 (lux)
    Light changed: 40.000000 (lux)
    Light changed: 47.000000 (lux)
    Light changed: 51.000000 (lux)
    Light changed: 50.000000 (lux)
    Light changed: 49.000000 (lux)
    Light changed: 48.000000 (lux)
    Light changed: 47.000000 (lux)
    Light changed: 46.000000 (lux)
    Light changed: 47.000000 (lux)
    Light changed: 46.000000 (lux)
    Light changed: 44.000000 (lux)
    Light changed: 43.000000 (lux)
    Light changed: 37.000000 (lux)
    Light changed: 38.000000 (lux)
    Light changed: 35.000000 (lux)
    Light changed: 32.000000 (lux)
    Light changed: 30.000000 (lux)
    Light changed: 29.000000 (lux)
    Light changed: 27.000000 (lux)
    Light changed: 39.000000 (lux)
    Light changed: 41.000000 (lux)
    Light changed: 42.000000 (lux)
    Light changed: 41.000000 (lux)
    Light changed: 42.000000 (lux)
    Light changed: 40.000000 (lux)
    Light changed: 32.000000 (lux)
    Light changed: 33.000000 (lux)
    Light changed: 34.000000 (lux)
    Light changed: 33.000000 (lux)
    Light changed: 32.000000 (lux)
    Light changed: 31.000000 (lux)
    Light changed: 32.000000 (lux)
    Light changed: 31.000000 (lux)
    Light changed: 32.000000 (lux)
    Light changed: 31.000000 (lux)
    Light changed: 32.000000 (lux)
    Light changed: 31.000000 (lux)
    Light changed: 30.000000 (lux)
    Light changed: 31.000000 (lux)
    Light changed: 30.000000 (lux)
    Light changed: 27.000000 (lux)
    Light changed: 25.000000 (lux)
    Light changed: 28.000000 (lux)
    Light changed: 27.000000 (lux)
    Light changed: 26.000000 (lux)
    Light changed: 25.000000 (lux)
    Light changed: 26.000000 (lux)
    Light changed: 25.000000 (lux)
    Light changed: 28.000000 (lux)
    Light changed: 29.000000 (lux)
    Light changed: 30.000000 (lux)
    Light changed: 29.000000 (lux)
    Light changed: 30.000000 (lux)
    Light changed: 29.000000 (lux)
    Light changed: 28.000000 (lux)
    Light changed: 27.000000 (lux)
    Light changed: 29.000000 (lux)
    Light changed: 28.000000 (lux)
    Light changed: 27.000000 (lux)
    Light changed: 26.000000 (lux)
    Light changed: 28.000000 (lux)
    Light changed: 29.000000 (lux)
    Light changed: 28.000000 (lux)
    Light changed: 27.000000 (lux)
    Light changed: 26.000000 (lux)
    Light changed: 48.000000 (lux)
    Light changed: 61.000000 (lux)
    Light changed: 59.000000 (lux)
    Light changed: 60.000000 (lux)
    Light changed: 59.000000 (lux)
    Light changed: 57.000000 (lux)
    Light changed: 55.000000 (lux)
    Light changed: 40.000000 (lux)
    Light changed: 37.000000 (lux)
    Light changed: 36.000000 (lux)
    Light changed: 35.000000 (lux)
    Light changed: 32.000000 (lux)
    Light changed: 29.000000 (lux)
    Light changed: 28.000000 (lux)
    Light changed: 25.000000 (lux)
    Light changed: 24.000000 (lux)
    Light changed: 26.000000 (lux)
    Light changed: 25.000000 (lux)
    Light changed: 24.000000 (lux)
    Light changed: 25.000000 (lux)
    Light changed: 24.000000 (lux)
    Light changed: 25.000000 (lux)
    Light changed: 24.000000 (lux)
    Light changed: 23.000000 (lux)
    Light changed: 24.000000 (lux)
    Light changed: 23.000000 (lux)
    Light changed: 24.000000 (lux)
    Light changed: 23.000000 (lux)
    Light changed: 24.000000 (lux)
    Light changed: 23.000000 (lux)
    Light changed: 24.000000 (lux)
    Light changed: 23.000000 (lux)
    Light changed: 24.000000 (lux)
    Light changed: 23.000000 (lux)
    Light changed: 22.000000 (lux)
    Light changed: 21.000000 (lux)
    Light changed: 23.000000 (lux)
    Light changed: 22.000000 (lux)
    Light changed: 23.000000 (lux)
    Light changed: 22.000000 (lux)
    Light changed: 21.000000 (lux)
    Light changed: 22.000000 (lux)
    Light changed: 21.000000 (lux)
    Light changed: 22.000000 (lux)
    Light changed: 21.000000 (lux)
    Light changed: 20.000000 (lux)
    Light changed: 19.000000 (lux)
    Light changed: 20.000000 (lux)
    Light changed: 21.000000 (lux)
    Light changed: 20.000000 (lux)
    Light changed: 21.000000 (lux)
    Light changed: 20.000000 (lux)
    Light changed: 21.000000 (lux)
    Light changed: 20.000000 (lux)
    Light changed: 21.000000 (lux)
    Light changed: 19.000000 (lux)
    Light changed: 20.000000 (lux)
    Light changed: 18.000000 (lux)
    Light changed: 21.000000 (lux)
    Light changed: 20.000000 (lux)
    Light changed: 18.000000 (lux)
    Light changed: 19.000000 (lux)
    Light changed: 20.000000 (lux)
    Light changed: 19.000000 (lux)
    Light changed: 20.000000 (lux)
    Light changed: 22.000000 (lux)
    Light changed: 21.000000 (lux)
    Light changed: 19.000000 (lux)
    Light changed: 20.000000 (lux)
    Light changed: 19.000000 (lux)
    Light changed: 20.000000 (lux)
    Light changed: 19.000000 (lux)
    Light changed: 20.000000 (lux)
    Light changed: 19.000000 (lux)
    Light changed: 20.000000 (lux)
    Light changed: 19.000000 (lux)
    Light changed: 20.000000 (lux)
    Light changed: 19.000000 (lux)
    Light changed: 20.000000 (lux)
    Light changed: 19.000000 (lux)
    Light changed: 20.000000 (lux)
    Light changed: 21.000000 (lux)
    Light changed: 22.000000 (lux)
    Light changed: 21.000000 (lux)
    Light changed: 20.000000 (lux)
    Light changed: 21.000000 (lux)
    Light changed: 20.000000 (lux)
    Light changed: 23.000000 (lux)
    Light changed: 21.000000 (lux)
    Light changed: 20.000000 (lux)
    Light changed: 21.000000 (lux)
    Light changed: 24.000000 (lux)
    Light changed: 23.000000 (lux)
    Light changed: 24.000000 (lux)
    Light changed: 23.000000 (lux)
    Light changed: 24.000000 (lux)
    Light changed: 23.000000 (lux)
    Light changed: 24.000000 (lux)
    Light changed: 23.000000 (lux)
    Light changed: 22.000000 (lux)
    Light changed: 23.000000 (lux)
    Light changed: 22.000000 (lux)
    Light changed: 23.000000 (lux)
    Light changed: 22.000000 (lux)
    Light changed: 23.000000 (lux)
    Light changed: 22.000000 (lux)
    Light changed: 23.000000 (lux)
    Light changed: 22.000000 (lux)
    Light changed: 23.000000 (lux)
    Light changed: 22.000000 (lux)
    Light changed: 23.000000 (lux)
    Light changed: 22.000000 (lux)
    Light changed: 23.000000 (lux)
    Light changed: 22.000000 (lux)
    Light changed: 23.000000 (lux)
    Light changed: 22.000000 (lux)
    Light changed: 23.000000 (lux)
    Light changed: 22.000000 (lux)
    Light changed: 23.000000 (lux)
    Light changed: 22.000000 (lux)
    Light changed: 23.000000 (lux)
    Light changed: 22.000000 (lux)
    Light changed: 23.000000 (lux)
    Light changed: 22.000000 (lux)
    Light changed: 23.000000 (lux)
    Light changed: 18.000000 (lux)
    Light changed: 17.000000 (lux)
    Light changed: 23.000000 (lux)
    Light changed: 22.000000 (lux)
    Light changed: 23.000000 (lux)
    Light changed: 22.000000 (lux)
    Light changed: 23.000000 (lux)
    Light changed: 22.000000 (lux)
    Light changed: 23.000000 (lux)
    Light changed: 22.000000 (lux)
    Light changed: 21.000000 (lux)
    Light changed: 20.000000 (lux)
    Light changed: 16.000000 (lux)
    Light changed: 17.000000 (lux)
    Light changed: 16.000000 (lux)
    Light changed: 17.000000 (lux)
    Light changed: 18.000000 (lux)
    Light changed: 17.000000 (lux)
    Light changed: 16.000000 (lux)
    Light changed: 17.000000 (lux)
    Light changed: 16.000000 (lux)
    Light changed: 15.000000 (lux)
    Light changed: 16.000000 (lux)
    Light changed: 15.000000 (lux)
    Light changed: 16.000000 (lux)
    Light changed: 15.000000 (lux)
    Light changed: 13.000000 (lux)
    Light changed: 15.000000 (lux)
    Light changed: 14.000000 (lux)
    Light changed: 15.000000 (lux)
    Light changed: 14.000000 (lux)
    Light changed: 12.000000 (lux)
    Light changed: 11.000000 (lux)
    Light changed: 12.000000 (lux)
    Light changed: 13.000000 (lux)
    Light changed: 14.000000 (lux)
    Light changed: 13.000000 (lux)
    Light changed: 14.000000 (lux)
    Light changed: 13.000000 (lux)
    Light changed: 16.000000 (lux)
    Light changed: 15.000000 (lux)
    Light changed: 16.000000 (lux)
    Light changed: 15.000000 (lux)
    Light changed: 16.000000 (lux)
    Light changed: 15.000000 (lux)
    Light changed: 17.000000 (lux)
    Light changed: 14.000000 (lux)
    Light changed: 16.000000 (lux)
    Light changed: 14.000000 (lux)
    Light changed: 15.000000 (lux)
    Light changed: 14.000000 (lux)
    Light changed: 15.000000 (lux)
    Light changed: 16.000000 (lux)
    Light changed: 15.000000 (lux)
    Light changed: 14.000000 (lux)
    Light changed: 16.000000 (lux)
    Light changed: 15.000000 (lux)
    Light changed: 14.000000 (lux)
    Light changed: 15.000000 (lux)
    Light changed: 14.000000 (lux)
    Light changed: 13.000000 (lux)
    Light changed: 14.000000 (lux)
    Light changed: 15.000000 (lux)
    Light changed: 14.000000 (lux)
    Light changed: 15.000000 (lux)
    Light changed: 14.000000 (lux)
    Light changed: 15.000000 (lux)
    Light changed: 16.000000 (lux)
    Light changed: 15.000000 (lux)
    Light changed: 16.000000 (lux)
    Light changed: 15.000000 (lux)
    Light changed: 16.000000 (lux)
    Light changed: 15.000000 (lux)
    Light changed: 16.000000 (lux)
    Light changed: 18.000000 (lux)
    Light changed: 17.000000 (lux)
    Light changed: 15.000000 (lux)
    Light changed: 16.000000 (lux)
    Light changed: 17.000000 (lux)
    Light changed: 18.000000 (lux)
    Light changed: 17.000000 (lux)
    Light changed: 14.000000 (lux)
    Light changed: 15.000000 (lux)
    Light changed: 14.000000 (lux)
    Light changed: 15.000000 (lux)
    Light changed: 14.000000 (lux)
    Light changed: 15.000000 (lux)
    Light changed: 16.000000 (lux)
    Light changed: 18.000000 (lux)
    Light changed: 42.000000 (lux)
    Light changed: 54.000000 (lux)
    Light changed: 29.000000 (lux)
    Light changed: 18.000000 (lux)
    Light changed: 16.000000 (lux)
    Light changed: 18.000000 (lux)
    Light changed: 19.000000 (lux)
    Light changed: 17.000000 (lux)
    Light changed: 16.000000 (lux)
    Light changed: 17.000000 (lux)
    Light changed: 16.000000 (lux)
    Light changed: 17.000000 (lux)
    Light changed: 16.000000 (lux)
    Light changed: 18.000000 (lux)
    Light changed: 17.000000 (lux)
    Light changed: 18.000000 (lux)
    Light changed: 19.000000 (lux)
    Light changed: 20.000000 (lux)
    Light changed: 22.000000 (lux)
    Light changed: 23.000000 (lux)
    Light changed: 24.000000 (lux)
    Light changed: 25.000000 (lux)
    Light changed: 26.000000 (lux)
    Light changed: 27.000000 (lux)
    Light changed: 24.000000 (lux)
    Light changed: 23.000000 (lux)
    Light changed: 24.000000 (lux)
    Light changed: 25.000000 (lux)
    Light changed: 24.000000 (lux)
    Light changed: 25.000000 (lux)
    Light changed: 26.000000 (lux)
    Light changed: 27.000000 (lux)
    Light changed: 24.000000 (lux)
    Light changed: 23.000000 (lux)
    Light changed: 22.000000 (lux)
    Light changed: 23.000000 (lux)
    Light changed: 22.000000 (lux)
    Light changed: 29.000000 (lux)
    Light changed: 28.000000 (lux)
    Light changed: 27.000000 (lux)
    Light changed: 28.000000 (lux)
    Light changed: 27.000000 (lux)
    Light changed: 25.000000 (lux)
    Light changed: 30.000000 (lux)
    Light changed: 29.000000 (lux)
    Light changed: 30.000000 (lux)
    Light changed: 29.000000 (lux)
    Light changed: 30.000000 (lux)
    Light changed: 29.000000 (lux)
    Light changed: 30.000000 (lux)
    Light changed: 29.000000 (lux)
    Light changed: 30.000000 (lux)
    Light changed: 29.000000 (lux)
    Light changed: 31.000000 (lux)
    Light changed: 30.000000 (lux)
    Light changed: 31.000000 (lux)
    Light changed: 30.000000 (lux)
    Light changed: 29.000000 (lux)
    Light changed: 27.000000 (lux)
    Light changed: 29.000000 (lux)
    Light changed: 26.000000 (lux)
    Light changed: 29.000000 (lux)
    Light changed: 31.000000 (lux)
    Light changed: 30.000000 (lux)
    Light changed: 29.000000 (lux)
    Light changed: 30.000000 (lux)
    Light changed: 29.000000 (lux)
    Light changed: 30.000000 (lux)
    Light changed: 29.000000 (lux)
    Light changed: 28.000000 (lux)
    Light changed: 27.000000 (lux)
    Light changed: 20.000000 (lux)
    Light changed: 25.000000 (lux)
    Light changed: 24.000000 (lux)
    Light changed: 23.000000 (lux)
    Light changed: 24.000000 (lux)
    Light changed: 23.000000 (lux)
    Light changed: 24.000000 (lux)
    Light changed: 23.000000 (lux)
    Light changed: 24.000000 (lux)
    Light changed: 23.000000 (lux)
    Light changed: 24.000000 (lux)
    Light changed: 23.000000 (lux)
    Light changed: 24.000000 (lux)
    Light changed: 26.000000 (lux)
    Light changed: 25.000000 (lux)
    Light changed: 26.000000 (lux)
    Light changed: 25.000000 (lux)
    Light changed: 26.000000 (lux)
    Light changed: 25.000000 (lux)
    Light changed: 26.000000 (lux)
    Light changed: 25.000000 (lux)
    Light changed: 26.000000 (lux)
    Light changed: 25.000000 (lux)
    Light changed: 26.000000 (lux)
    Light changed: 25.000000 (lux)
    Light changed: 26.000000 (lux)
    Light changed: 25.000000 (lux)
    Light changed: 26.000000 (lux)
    Light changed: 25.000000 (lux)
    Light changed: 26.000000 (lux)
    Light changed: 25.000000 (lux)
    Light changed: 26.000000 (lux)
    Light changed: 25.000000 (lux)
    Light changed: 26.000000 (lux)
    Light changed: 25.000000 (lux)
    Light changed: 26.000000 (lux)
    Light changed: 25.000000 (lux)
    Light changed: 26.000000 (lux)
    Light changed: 25.000000 (lux)
    Light changed: 26.000000 (lux)
    Light changed: 25.000000 (lux)
    Light changed: 26.000000 (lux)
    Light changed: 24.000000 (lux)
    Light changed: 23.000000 (lux)
    Light changed: 24.000000 (lux)
    Light changed: 23.000000 (lux)
    Light changed: 24.000000 (lux)
    Light changed: 23.000000 (lux)
    Light changed: 24.000000 (lux)
    Light changed: 21.000000 (lux)
    Light changed: 22.000000 (lux)
    Light changed: 23.000000 (lux)
    Light changed: 24.000000 (lux)
    Light changed: 22.000000 (lux)
    Light changed: 21.000000 (lux)
    Light changed: 24.000000 (lux)
    Light changed: 21.000000 (lux)
    Light changed: 22.000000 (lux)
    Light changed: 24.000000 (lux)
    Light changed: 26.000000 (lux)
    Light changed: 25.000000 (lux)
    Light changed: 24.000000 (lux)
    Light changed: 25.000000 (lux)
    Light changed: 24.000000 (lux)
    Light changed: 25.000000 (lux)
    Light changed: 26.000000 (lux)
    Light changed: 25.000000 (lux)
    Light changed: 26.000000 (lux)
    Light changed: 25.000000 (lux)
    Light changed: 26.000000 (lux)
    Light changed: 25.000000 (lux)
    Light changed: 28.000000 (lux)
    Light changed: 29.000000 (lux)
    Light changed: 30.000000 (lux)
    Light changed: 29.000000 (lux)
    Light changed: 30.000000 (lux)
    Light changed: 31.000000 (lux)
    Light changed: 30.000000 (lux)
    Light changed: 31.000000 (lux)
    Light changed: 30.000000 (lux)
    Light changed: 31.000000 (lux)
    Light changed: 32.000000 (lux)
    Light changed: 33.000000 (lux)
    Light changed: 34.000000 (lux)
    Light changed: 33.000000 (lux)
    Light changed: 34.000000 (lux)
    Light changed: 35.000000 (lux)
    Light changed: 34.000000 (lux)
    Light changed: 35.000000 (lux)
    Light changed: 36.000000 (lux)
    Light changed: 35.000000 (lux)
    Light changed: 36.000000 (lux)
    Light changed: 35.000000 (lux)
    Light changed: 36.000000 (lux)
    Light changed: 35.000000 (lux)
    Light changed: 36.000000 (lux)
    Light changed: 35.000000 (lux)
    Light changed: 36.000000 (lux)
    Light changed: 35.000000 (lux)
    Light changed: 36.000000 (lux)
    Light changed: 37.000000 (lux)
    Light changed: 38.000000 (lux)
    Light changed: 39.000000 (lux)
    Light changed: 40.000000 (lux)
    Light changed: 39.000000 (lux)
    Light changed: 40.000000 (lux)
    Light changed: 41.000000 (lux)
    Light changed: 42.000000 (lux)
    Light changed: 41.000000 (lux)
    Light changed: 42.000000 (lux)
    Light changed: 43.000000 (lux)
    Light changed: 44.000000 (lux)
    Light changed: 43.000000 (lux)
    Light changed: 44.000000 (lux)
    Light changed: 45.000000 (lux)
    Light changed: 46.000000 (lux)
    Light changed: 45.000000 (lux)
    Light changed: 46.000000 (lux)
    Light changed: 45.000000 (lux)
    Light changed: 46.000000 (lux)
    Light changed: 45.000000 (lux)
    Light changed: 46.000000 (lux)
    Light changed: 45.000000 (lux)
    Light changed: 46.000000 (lux)
    Light changed: 45.000000 (lux)
    Light changed: 46.000000 (lux)
    Light changed: 45.000000 (lux)
    Light changed: 46.000000 (lux)
    Light changed: 45.000000 (lux)
    Light changed: 46.000000 (lux)
    Light changed: 45.000000 (lux)
    Light changed: 44.000000 (lux)
    Light changed: 45.000000 (lux)
    Light changed: 44.000000 (lux)
    Light changed: 45.000000 (lux)
    Light changed: 44.000000 (lux)
    Light changed: 43.000000 (lux)
    Light changed: 42.000000 (lux)
    Light changed: 41.000000 (lux)
    Light changed: 42.000000 (lux)
    Light changed: 41.000000 (lux)
    Light changed: 40.000000 (lux)
    Light changed: 39.000000 (lux)
    Light changed: 40.000000 (lux)
    Light changed: 39.000000 (lux)
    Light changed: 38.000000 (lux)
    Light changed: 37.000000 (lux)
    Light changed: 36.000000 (lux)
    Light changed: 37.000000 (lux)
    Light changed: 36.000000 (lux)
    Light changed: 35.000000 (lux)
    Light changed: 36.000000 (lux)
    Light changed: 35.000000 (lux)
    Light changed: 34.000000 (lux)
    Light changed: 35.000000 (lux)
    Light changed: 34.000000 (lux)
    Light changed: 33.000000 (lux)
    Light changed: 32.000000 (lux)
    Light changed: 31.000000 (lux)
    Light changed: 32.000000 (lux)
    Light changed: 33.000000 (lux)
    Light changed: 34.000000 (lux)
    Light changed: 33.000000 (lux)
    Light changed: 34.000000 (lux)
    Light changed: 33.000000 (lux)
    Light changed: 34.000000 (lux)
    Light changed: 35.000000 (lux)
    Light changed: 34.000000 (lux)
    Light changed: 35.000000 (lux)
    Light changed: 34.000000 (lux)
    Light changed: 35.000000 (lux)
    Light changed: 34.000000 (lux)
    Light changed: 35.000000 (lux)
    Light changed: 36.000000 (lux)
    Light changed: 37.000000 (lux)
    Light changed: 38.000000 (lux)
    Light changed: 37.000000 (lux)
    Light changed: 38.000000 (lux)
    Light changed: 39.000000 (lux)
    Light changed: 40.000000 (lux)
    Light changed: 41.000000 (lux)
    Light changed: 42.000000 (lux)
    Light changed: 43.000000 (lux)
    Light changed: 44.000000 (lux)
    Light changed: 43.000000 (lux)
    Light changed: 44.000000 (lux)
    Light changed: 45.000000 (lux)
    Light changed: 46.000000 (lux)
    Light changed: 47.000000 (lux)
    Light changed: 48.000000 (lux)
    Light changed: 49.000000 (lux)
    Light changed: 48.000000 (lux)
    Light changed: 49.000000 (lux)
    Light changed: 50.000000 (lux)
    Light changed: 49.000000 (lux)
    Light changed: 50.000000 (lux)
    Light changed: 49.000000 (lux)
    Light changed: 50.000000 (lux)
    Light changed: 49.000000 (lux)
    Light changed: 48.000000 (lux)
    Light changed: 49.000000 (lux)
    Light changed: 48.000000 (lux)
    Light changed: 47.000000 (lux)
    Light changed: 46.000000 (lux)
    Light changed: 47.000000 (lux)
    Light changed: 46.000000 (lux)
    Light changed: 47.000000 (lux)
    Light changed: 45.000000 (lux)
    Light changed: 30.000000 (lux)
    Light changed: 24.000000 (lux)
    Light changed: 22.000000 (lux)
    Light changed: 21.000000 (lux)
    Light changed: 20.000000 (lux)
    Light changed: 22.000000 (lux)
    Light changed: 23.000000 (lux)
    Light changed: 24.000000 (lux)
    Light changed: 29.000000 (lux)
    Light changed: 33.000000 (lux)
    Light changed: 22.000000 (lux)
    Light changed: 17.000000 (lux)
    Light changed: 20.000000 (lux)
    Light changed: 30.000000 (lux)
    Light changed: 50.000000 (lux)
    Light changed: 52.000000 (lux)
    Light changed: 55.000000 (lux)
    Light changed: 48.000000 (lux)
    Light changed: 41.000000 (lux)
    Light changed: 54.000000 (lux)
    Light changed: 50.000000 (lux)
    Light changed: 44.000000 (lux)
    Light changed: 46.000000 (lux)
    Light changed: 47.000000 (lux)
    Light changed: 46.000000 (lux)
    Light changed: 45.000000 (lux)
    Light changed: 46.000000 (lux)
    Light changed: 44.000000 (lux)
    Light changed: 19.000000 (lux)
    Light changed: 39.000000 (lux)
    Light changed: 48.000000 (lux)
    Light changed: 45.000000 (lux)
    Light changed: 46.000000 (lux)
    Light changed: 47.000000 (lux)
    Light changed: 45.000000 (lux)
    Light changed: 44.000000 (lux)
    Light changed: 45.000000 (lux)
    Light changed: 44.000000 (lux)
    Light changed: 45.000000 (lux)
    Light changed: 44.000000 (lux)
    Light changed: 45.000000 (lux)
    Light changed: 44.000000 (lux)
    Light changed: 45.000000 (lux)
    Light changed: 44.000000 (lux)
    Light changed: 43.000000 (lux)
    Light changed: 44.000000 (lux)
    Light changed: 45.000000 (lux)
    Light changed: 44.000000 (lux)
    Light changed: 43.000000 (lux)
    Light changed: 42.000000 (lux)
    Light changed: 41.000000 (lux)
    Light changed: 42.000000 (lux)
    Light changed: 41.000000 (lux)
    Light changed: 40.000000 (lux)
    Light changed: 39.000000 (lux)
    Light changed: 40.000000 (lux)
    Light changed: 39.000000 (lux)
    Light changed: 40.000000 (lux)
    Light changed: 39.000000 (lux)
    Light changed: 40.000000 (lux)
    Light changed: 39.000000 (lux)
    Light changed: 38.000000 (lux)
    Light changed: 39.000000 (lux)
    Light changed: 38.000000 (lux)
    Light changed: 39.000000 (lux)
    Light changed: 38.000000 (lux)
    Light changed: 39.000000 (lux)
    Light changed: 38.000000 (lux)
    Light changed: 39.000000 (lux)
    Light changed: 38.000000 (lux)
    Light changed: 39.000000 (lux)
    Light changed: 38.000000 (lux)
    Light changed: 39.000000 (lux)
    Light changed: 38.000000 (lux)
    Light changed: 39.000000 (lux)
    Light changed: 38.000000 (lux)
    Light changed: 39.000000 (lux)
    Light changed: 40.000000 (lux)
    Light changed: 39.000000 (lux)
    Light changed: 40.000000 (lux)
    Light changed: 39.000000 (lux)
    Light changed: 40.000000 (lux)
    Light changed: 39.000000 (lux)
    Light changed: 40.000000 (lux)
    Light changed: 39.000000 (lux)
    Light changed: 40.000000 (lux)
    Light changed: 39.000000 (lux)
    Light changed: 40.000000 (lux)
    Light changed: 39.000000 (lux)
    Light changed: 40.000000 (lux)
    Light changed: 39.000000 (lux)
    Light changed: 40.000000 (lux)
    Light changed: 39.000000 (lux)
    Light changed: 40.000000 (lux)
    Light changed: 39.000000 (lux)
    Light changed: 40.000000 (lux)
    Light changed: 39.000000 (lux)
    Light changed: 40.000000 (lux)
    Light changed: 39.000000 (lux)
    Light changed: 40.000000 (lux)
    Light changed: 39.000000 (lux)
    Light changed: 40.000000 (lux)
    Light changed: 39.000000 (lux)
    Light changed: 40.000000 (lux)
    Light changed: 39.000000 (lux)
    Light changed: 40.000000 (lux)
    Light changed: 41.000000 (lux)
    Light changed: 42.000000 (lux)
    Light changed: 30.000000 (lux)
    Light changed: 60.000000 (lux)
    Light changed: 21.000000 (lux)
    Light changed: 18.000000 (lux)
    Light changed: 19.000000 (lux)
    Light changed: 21.000000 (lux)
    Light changed: 19.000000 (lux)
    Light changed: 18.000000 (lux)
    Light changed: 19.000000 (lux)
    Light changed: 18.000000 (lux)
    Light changed: 19.000000 (lux)
    Light changed: 27.000000 (lux)
    Light changed: 28.000000 (lux)
    Light changed: 27.000000 (lux)
    Light changed: 22.000000 (lux)
    Light changed: 25.000000 (lux)
    Light changed: 24.000000 (lux)
    Light changed: 35.000000 (lux)
    Light changed: 24.000000 (lux)
    Light changed: 17.000000 (lux)
    Light changed: 13.000000 (lux)
    Light changed: 41.000000 (lux)
    Light changed: 40.000000 (lux)
    Light changed: 39.000000 (lux)
    Light changed: 37.000000 (lux)
    Light changed: 36.000000 (lux)
    Light changed: 35.000000 (lux)
    Light changed: 34.000000 (lux)
    Light changed: 35.000000 (lux)
    Light changed: 34.000000 (lux)
    Light changed: 35.000000 (lux)
    Light changed: 36.000000 (lux)
    Light changed: 38.000000 (lux)
    Light changed: 37.000000 (lux)
    Light changed: 36.000000 (lux)
    Light changed: 37.000000 (lux)
    Light changed: 38.000000 (lux)
    Light changed: 39.000000 (lux)
    Light changed: 38.000000 (lux)
    Light changed: 39.000000 (lux)
    Light changed: 40.000000 (lux)
    Light changed: 39.000000 (lux)
    Light changed: 40.000000 (lux)
    Light changed: 39.000000 (lux)
    Light changed: 40.000000 (lux)
    Light changed: 41.000000 (lux)
    Light changed: 40.000000 (lux)
    Light changed: 41.000000 (lux)
    Light changed: 40.000000 (lux)
    Light changed: 41.000000 (lux)
    Light changed: 42.000000 (lux)
    Light changed: 41.000000 (lux)
    Light changed: 42.000000 (lux)
    Light changed: 41.000000 (lux)
    Light changed: 42.000000 (lux)
    Light changed: 41.000000 (lux)
    Light changed: 40.000000 (lux)
    Light changed: 41.000000 (lux)
    Light changed: 40.000000 (lux)
    Light changed: 41.000000 (lux)
    Light changed: 40.000000 (lux)
    Light changed: 41.000000 (lux)
    Light changed: 40.000000 (lux)
    Light changed: 39.000000 (lux)
    Light changed: 38.000000 (lux)
    Light changed: 37.000000 (lux)
    Light changed: 38.000000 (lux)
    Light changed: 37.000000 (lux)
    Light changed: 36.000000 (lux)
    Light changed: 35.000000 (lux)
    Light changed: 36.000000 (lux)
    Light changed: 35.000000 (lux)
    Light changed: 36.000000 (lux)
    Light changed: 35.000000 (lux)
    Light changed: 36.000000 (lux)
    Light changed: 30.000000 (lux)
    Light changed: 23.000000 (lux)
    Light changed: 24.000000 (lux)
    Light changed: 26.000000 (lux)
    Light changed: 24.000000 (lux)
    Light changed: 0.000000 (lux)
    Light changed: 15.000000 (lux)
